{
  "stats": {
    "suites": 1,
    "tests": 1,
    "passes": 0,
    "pending": 0,
    "failures": 1,
    "start": "2020-05-21T03:42:19.934Z",
    "end": "2020-05-21T03:42:41.217Z",
    "duration": 21283,
    "testsRegistered": 1,
    "passPercent": 0,
    "pendingPercent": 0,
    "other": 0,
    "hasOther": false,
    "skipped": 0,
    "hasSkipped": false
  },
  "results": [
    {
      "uuid": "8b721563-768e-46fb-802a-e3119af8c535",
      "title": "",
      "fullFile": "cypress\\integration\\NSWGovPOD\\HomePageAxe.spec.js",
      "file": "cypress\\integration\\NSWGovPOD\\HomePageAxe.spec.js",
      "beforeHooks": [],
      "afterHooks": [],
      "tests": [],
      "suites": [
        {
          "uuid": "92e7ddfe-bccd-4054-9e31-b34f42db3d3c",
          "title": "NSW.GOV.AU Home Page-Axe Test",
          "fullFile": "",
          "file": "",
          "beforeHooks": [],
          "afterHooks": [],
          "tests": [
            {
              "title": "Visits NSW.GOV.AU and Has no detectable a11y violations",
              "fullTitle": "NSW.GOV.AU Home Page-Axe Test Visits NSW.GOV.AU and Has no detectable a11y violations",
              "timedOut": null,
              "duration": 19731,
              "state": "failed",
              "speed": null,
              "pass": false,
              "fail": true,
              "pending": false,
              "context": null,
              "code": "cy.visit('https://www.nsw.gov.au/covid-19');\ncy.injectAxe();\ncy.checkA11y();",
              "err": {
                "message": "AssertionError: 3 accessibility violations were detected: expected 3 to equal 0",
                "estack": "AssertionError: 3 accessibility violations were detected: expected 3 to equal 0\n    at Context.<anonymous> (https://www.nsw.gov.au/__cypress/tests?p=cypress\\support\\index.js-216:40:443712)",
                "diff": null
              },
              "uuid": "0bf30057-4040-4d3e-bace-02a00f47ea58",
              "parentUUID": "92e7ddfe-bccd-4054-9e31-b34f42db3d3c",
              "isHook": false,
              "skipped": false
            }
          ],
          "suites": [],
          "passes": [],
          "failures": [
            "0bf30057-4040-4d3e-bace-02a00f47ea58"
          ],
          "pending": [],
          "skipped": [],
          "duration": 19731,
          "root": false,
          "rootEmpty": false,
          "_timeout": 2000
        }
      ],
      "passes": [],
      "failures": [],
      "pending": [],
      "skipped": [],
      "duration": 0,
      "root": true,
      "rootEmpty": true,
      "_timeout": 2000
    }
  ],
  "meta": {
    "mocha": {
      "version": "7.0.1"
    },
    "mochawesome": {
      "options": {
        "quiet": false,
        "reportFilename": "mochawesome",
        "saveHtml": false,
        "saveJson": true,
        "consoleReporter": "spec",
        "useInlineDiffs": false,
        "code": true
      },
      "version": "6.1.1"
    },
    "marge": {
      "options": {
        "id": "default",
        "reportDir": "cypress/reports/mocha",
        "quite": true,
        "overwrite": false,
        "html": false,
        "json": true
      },
      "version": "5.1.0"
    }
  }
}